[0.016s] Invoking command in '/home/ammar/Robotics/Graduation_Project/ACSAR_ws/build/robot_control': CMAKE_PREFIX_PATH=${CMAKE_PREFIX_PATH}:/opt/ros/humble /usr/bin/cmake --build /home/ammar/Robotics/Graduation_Project/ACSAR_ws/build/robot_control -- -j12 -l12
[0.042s] -- Found ament_cmake: 1.3.10 (/opt/ros/humble/share/ament_cmake/cmake)
[0.174s] -- Found rclpy: 3.3.14 (/opt/ros/humble/share/rclpy/cmake)
[0.175s] -- Found std_msgs: 4.2.4 (/opt/ros/humble/share/std_msgs/cmake)
[0.215s] -- Found rosidl_generator_c: 3.1.5 (/opt/ros/humble/share/rosidl_generator_c/cmake)
[0.221s] -- Found rosidl_adapter: 3.1.5 (/opt/ros/humble/share/rosidl_adapter/cmake)
[0.231s] -- Found rosidl_generator_cpp: 3.1.5 (/opt/ros/humble/share/rosidl_generator_cpp/cmake)
[0.246s] -- Using all available rosidl_typesupport_c: rosidl_typesupport_fastrtps_c;rosidl_typesupport_introspection_c
[0.264s] -- Using all available rosidl_typesupport_cpp: rosidl_typesupport_fastrtps_cpp;rosidl_typesupport_introspection_cpp
[0.306s] -- Found geometry_msgs: 4.2.4 (/opt/ros/humble/share/geometry_msgs/cmake)
[0.331s] -- Found rclcpp: 16.0.10 (/opt/ros/humble/share/rclcpp/cmake)
[0.387s] -- Found rmw_implementation_cmake: 6.1.2 (/opt/ros/humble/share/rmw_implementation_cmake/cmake)
[0.392s] -- Found rmw_fastrtps_cpp: 6.2.7 (/opt/ros/humble/share/rmw_fastrtps_cpp/cmake)
[0.468s] -- Found OpenSSL: /usr/lib/x86_64-linux-gnu/libcrypto.so (found version "3.0.2")  
[0.495s] -- Found FastRTPS: /opt/ros/humble/include  
[0.534s] -- Using RMW implementation 'rmw_fastrtps_cpp' as default
[0.544s] -- Looking for pthread.h
[0.617s] -- Looking for pthread.h - found
[0.617s] -- Performing Test CMAKE_HAVE_LIBC_PTHREAD
[0.673s] -- Performing Test CMAKE_HAVE_LIBC_PTHREAD - Success
[0.674s] -- Found Threads: TRUE  
[0.726s] -- Found ament_lint_auto: 0.12.11 (/opt/ros/humble/share/ament_lint_auto/cmake)
[0.795s] -- Added test 'cppcheck' to perform static code analysis on C / C++ code
[0.795s] -- Configured cppcheck include dirs: /home/ammar/Robotics/Graduation_Project/ACSAR_ws/src/robot_control/include
[0.795s] -- Configured cppcheck exclude dirs and/or files: 
[0.796s] -- Added test 'flake8' to check Python code syntax and style conventions
[0.796s] -- Added test 'lint_cmake' to check CMake code style
[0.797s] -- Added test 'pep257' to check Python code against some of the docstring style conventions in PEP 257
[0.797s] -- Added test 'uncrustify' to check C / C++ code style
[0.797s] -- Configured uncrustify additional arguments: 
[0.798s] -- Added test 'xmllint' to check XML markup files
[0.799s] -- Configuring done
[0.808s] -- Generating done
[0.810s] -- Build files have been written to: /home/ammar/Robotics/Graduation_Project/ACSAR_ws/build/robot_control
[0.835s] [ 50%] [32mBuilding CXX object CMakeFiles/speed_controller.dir/src/speed_controller.cpp.o[0m
[3.609s] In file included from [01m[K/usr/include/eigen3/Eigen/Core:164[m[K,
[3.609s]                  from [01m[K/home/ammar/Robotics/Graduation_Project/ACSAR_ws/src/robot_control/include/robot_control/speed_controller.hpp:7[m[K,
[3.609s]                  from [01m[K/home/ammar/Robotics/Graduation_Project/ACSAR_ws/src/robot_control/src/speed_controller.cpp:1[m[K:
[3.609s] /usr/include/eigen3/Eigen/src/Core/PlainObjectBase.h: In instantiation of â€˜[01m[Kvoid Eigen::PlainObjectBase<Derived>::_init2(Eigen::Index, Eigen::Index, typename Eigen::internal::enable_if<(typename Eigen::internal::dense_xpr_base<Derived>::type::SizeAtCompileTime != 2), T0>::type*) [with T0 = double; T1 = double; Derived = Eigen::Matrix<double, 2, 2>; Eigen::Index = long int; typename Eigen::internal::enable_if<(typename Eigen::internal::dense_xpr_base<Derived>::type::SizeAtCompileTime != 2), T0>::type = double; typename Eigen::internal::dense_xpr_base<Derived>::type = Eigen::MatrixBase<Eigen::Matrix<double, 2, 2> >; typename Eigen::internal::traits<T>::XprKind = Eigen::MatrixXpr][m[Kâ€™:
[3.609s] [01m[K/usr/include/eigen3/Eigen/src/Core/Matrix.h:340:35:[m[K   required from â€˜[01m[KEigen::Matrix<_Scalar, _Rows, _Cols, _Options, _MaxRows, _MaxCols>::Matrix(const T0&, const T1&) [with T0 = double; T1 = double; _Scalar = double; int _Rows = 2; int _Cols = 2; int _Options = 0; int _MaxRows = 2; int _MaxCols = 2][m[Kâ€™
[3.609s] [01m[K/home/ammar/Robotics/Graduation_Project/ACSAR_ws/src/robot_control/src/speed_controller.cpp:32:76:[m[K   required from here
[3.609s] [01m[K/usr/include/eigen3/Eigen/src/Core/PlainObjectBase.h:807:27:[m[K [01;31m[Kerror: [m[Kstatic assertion failed: FLOATING_POINT_ARGUMENT_PASSED__INTEGER_WAS_EXPECTED
[3.609s]   807 |       EIGEN_STATIC_ASSERT([01;31m[Kt0_is_integer_alike[m[K &&
[3.609s]       |                           [01;31m[K^~~~~~~~~~~~~~~~~~~[m[K
[3.609s] [01m[K/usr/include/eigen3/Eigen/src/Core/util/StaticAssert.h:33:54:[m[K [01;36m[Knote: [m[Kin definition of macro â€˜[01m[KEIGEN_STATIC_ASSERT[m[Kâ€™
[3.609s]    33 |     #define EIGEN_STATIC_ASSERT(X,MSG) static_assert([01;36m[KX[m[K,#MSG);
[3.609s]       |                                                      [01;36m[K^[m[K
[3.609s] [01m[K/usr/include/eigen3/Eigen/src/Core/PlainObjectBase.h:807:27:[m[K [01;36m[Knote: [m[Kâ€˜[01m[Kt0_is_integer_alike[m[Kâ€™ evaluates to false
[3.610s]   807 |       EIGEN_STATIC_ASSERT([01;36m[Kt0_is_integer_alike[m[K &&
[3.610s]       |                           [01;36m[K^~~~~~~~~~~~~~~~~~~[m[K
[3.610s] [01m[K/usr/include/eigen3/Eigen/src/Core/util/StaticAssert.h:33:54:[m[K [01;36m[Knote: [m[Kin definition of macro â€˜[01m[KEIGEN_STATIC_ASSERT[m[Kâ€™
[3.610s]    33 |     #define EIGEN_STATIC_ASSERT(X,MSG) static_assert([01;36m[KX[m[K,#MSG);
[3.610s]       |                                                      [01;36m[K^[m[K
[5.431s] In file included from [01m[K/usr/include/eigen3/Eigen/Core:273[m[K,
[5.431s]                  from [01m[K/home/ammar/Robotics/Graduation_Project/ACSAR_ws/src/robot_control/include/robot_control/speed_controller.hpp:7[m[K,
[5.431s]                  from [01m[K/home/ammar/Robotics/Graduation_Project/ACSAR_ws/src/robot_control/src/speed_controller.cpp:1[m[K:
[5.431s] [01m[K/usr/include/eigen3/Eigen/src/Core/MatrixBase.h:332:35:[m[K [01;35m[Kwarning: [m[Kinline function â€˜[01m[Kconst Eigen::Inverse<Derived> Eigen::MatrixBase<Derived>::inverse() const [with Derived = Eigen::Matrix<double, 2, 2>][m[Kâ€™ used but never defined
[5.431s]   332 |     inline const Inverse<Derived> [01;35m[Kinverse[m[K() const;
[5.431s]       |                                   [01;35m[K^~~~~~~[m[K
[5.747s] gmake[2]: *** [CMakeFiles/speed_controller.dir/build.make:76: CMakeFiles/speed_controller.dir/src/speed_controller.cpp.o] Error 1
[5.747s] gmake[1]: *** [CMakeFiles/Makefile2:137: CMakeFiles/speed_controller.dir/all] Error 2
[5.748s] gmake: *** [Makefile:146: all] Error 2
[5.749s] Invoked command in '/home/ammar/Robotics/Graduation_Project/ACSAR_ws/build/robot_control' returned '2': CMAKE_PREFIX_PATH=${CMAKE_PREFIX_PATH}:/opt/ros/humble /usr/bin/cmake --build /home/ammar/Robotics/Graduation_Project/ACSAR_ws/build/robot_control -- -j12 -l12
