-- Found ament_cmake: 1.3.10 (/opt/ros/humble/share/ament_cmake/cmake)
-- Found rclpy: 3.3.14 (/opt/ros/humble/share/rclpy/cmake)
-- Found rclcpp: 16.0.10 (/opt/ros/humble/share/rclcpp/cmake)
-- Found rosidl_generator_c: 3.1.5 (/opt/ros/humble/share/rosidl_generator_c/cmake)
-- Found rosidl_adapter: 3.1.5 (/opt/ros/humble/share/rosidl_adapter/cmake)
-- Found rosidl_generator_cpp: 3.1.5 (/opt/ros/humble/share/rosidl_generator_cpp/cmake)
-- Using all available rosidl_typesupport_c: rosidl_typesupport_fastrtps_c;rosidl_typesupport_introspection_c
-- Using all available rosidl_typesupport_cpp: rosidl_typesupport_fastrtps_cpp;rosidl_typesupport_introspection_cpp
-- Found rmw_implementation_cmake: 6.1.2 (/opt/ros/humble/share/rmw_implementation_cmake/cmake)
-- Found rmw_fastrtps_cpp: 6.2.7 (/opt/ros/humble/share/rmw_fastrtps_cpp/cmake)
-- Using RMW implementation 'rmw_fastrtps_cpp' as default
-- Found sensor_msgs: 4.2.4 (/opt/ros/humble/share/sensor_msgs/cmake)
-- Found ament_lint_auto: 0.12.11 (/opt/ros/humble/share/ament_lint_auto/cmake)
-- Added test 'cppcheck' to perform static code analysis on C / C++ code
-- Configured cppcheck include dirs: /home/ammar/Robotics/Graduation_Project/ACSAR_ws/src/robot_control/include
-- Configured cppcheck exclude dirs and/or files: 
-- Added test 'flake8' to check Python code syntax and style conventions
-- Added test 'lint_cmake' to check CMake code style
-- Added test 'pep257' to check Python code against some of the docstring style conventions in PEP 257
-- Added test 'uncrustify' to check C / C++ code style
-- Configured uncrustify additional arguments: 
-- Added test 'xmllint' to check XML markup files
-- Configuring done
-- Generating done
-- Build files have been written to: /home/ammar/Robotics/Graduation_Project/ACSAR_ws/build/robot_control
[35m[1mConsolidate compiler generated dependencies of target speed_controller[0m
[ 50%] [32mBuilding CXX object CMakeFiles/speed_controller.dir/src/speed_controller.cpp.o[0m
[01m[K/home/ammar/Robotics/Graduation_Project/ACSAR_ws/src/robot_control/src/speed_controller.cpp:[m[K In member function â€˜[01m[Kvoid SpeedController::jointCallback(const JointState&)[m[Kâ€™:
[01m[K/home/ammar/Robotics/Graduation_Project/ACSAR_ws/src/robot_control/src/speed_controller.cpp:93:12:[m[K [01;35m[Kwarning: [m[Kunused variable â€˜[01m[Krobot_linear_velocity[m[Kâ€™ [[01;35m[K]8;;https://gcc.gnu.org/onlinedocs/gcc/Warning-Options.html#index-Wunused-variable-Wunused-variable]8;;[m[K]
   93 |     double [01;35m[Krobot_linear_velocity[m[K = (wheel_radius_ / 4.0) * (delta_FL_wheel + delta_FR_wheel + delta_BL_wheel + delta_BR_wheel);
      |            [01;35m[K^~~~~~~~~~~~~~~~~~~~~[m[K
[01m[K/home/ammar/Robotics/Graduation_Project/ACSAR_ws/src/robot_control/src/speed_controller.cpp:94:12:[m[K [01;35m[Kwarning: [m[Kunused variable â€˜[01m[Krobot_angular_velocity[m[Kâ€™ [[01;35m[K]8;;https://gcc.gnu.org/onlinedocs/gcc/Warning-Options.html#index-Wunused-variable-Wunused-variable]8;;[m[K]
   94 |     double [01;35m[Krobot_angular_velocity[m[K = (wheel_radius_ / 2.0 * wheel_width_) * (-delta_FL_wheel + delta_FR_wheel - delta_BL_wheel + delta_BR_wheel);
      |            [01;35m[K^~~~~~~~~~~~~~~~~~~~~~[m[K
In file included from [01m[K/usr/include/eigen3/Eigen/Core:273[m[K,
                 from [01m[K/home/ammar/Robotics/Graduation_Project/ACSAR_ws/src/robot_control/include/robot_control/speed_controller.hpp:8[m[K,
                 from [01m[K/home/ammar/Robotics/Graduation_Project/ACSAR_ws/src/robot_control/src/speed_controller.cpp:1[m[K:
[01m[K/usr/include/eigen3/Eigen/src/Core/MatrixBase.h:[m[K At global scope:
[01m[K/usr/include/eigen3/Eigen/src/Core/MatrixBase.h:332:35:[m[K [01;35m[Kwarning: [m[Kinline function â€˜[01m[Kconst Eigen::Inverse<Derived> Eigen::MatrixBase<Derived>::inverse() const [with Derived = Eigen::Product<Eigen::Matrix<double, -1, -1>, Eigen::Transpose<Eigen::Matrix<double, -1, -1> >, 0>][m[Kâ€™ used but never defined
  332 | verse<Derived> [01;35m[Kinverse[m[K() const;
      |                [01;35m[K^~~~~~~[m[K

[100%] [32m[1mLinking CXX executable speed_controller[0m
/usr/bin/ld: CMakeFiles/speed_controller.dir/src/speed_controller.cpp.o: in function `SpeedController::SpeedController(std::__cxx11::basic_string<char, std::char_traits<char>, std::allocator<char> > const&)':
speed_controller.cpp:(.text+0xb76): undefined reference to `Eigen::MatrixBase<Eigen::Product<Eigen::Matrix<double, -1, -1, 0, -1, -1>, Eigen::Transpose<Eigen::Matrix<double, -1, -1, 0, -1, -1> >, 0> >::inverse() const'
collect2: error: ld returned 1 exit status
gmake[2]: *** [CMakeFiles/speed_controller.dir/build.make:175: speed_controller] Error 1
gmake[1]: *** [CMakeFiles/Makefile2:137: CMakeFiles/speed_controller.dir/all] Error 2
gmake: *** [Makefile:146: all] Error 2
