[0.015s] Invoking command in '/home/ammar/Robotics/Graduation_Project/ACSAR_ws/build/robot_control': CMAKE_PREFIX_PATH=${CMAKE_PREFIX_PATH}:/opt/ros/humble /usr/bin/cmake --build /home/ammar/Robotics/Graduation_Project/ACSAR_ws/build/robot_control -- -j12 -l12
[0.049s] -- Found ament_cmake: 1.3.10 (/opt/ros/humble/share/ament_cmake/cmake)
[0.176s] -- Found rclpy: 3.3.14 (/opt/ros/humble/share/rclpy/cmake)
[0.177s] -- Found rclcpp: 16.0.10 (/opt/ros/humble/share/rclcpp/cmake)
[0.212s] -- Found rosidl_generator_c: 3.1.5 (/opt/ros/humble/share/rosidl_generator_c/cmake)
[0.215s] -- Found rosidl_adapter: 3.1.5 (/opt/ros/humble/share/rosidl_adapter/cmake)
[0.223s] -- Found rosidl_generator_cpp: 3.1.5 (/opt/ros/humble/share/rosidl_generator_cpp/cmake)
[0.235s] -- Using all available rosidl_typesupport_c: rosidl_typesupport_fastrtps_c;rosidl_typesupport_introspection_c
[0.249s] -- Using all available rosidl_typesupport_cpp: rosidl_typesupport_fastrtps_cpp;rosidl_typesupport_introspection_cpp
[0.287s] -- Found rmw_implementation_cmake: 6.1.2 (/opt/ros/humble/share/rmw_implementation_cmake/cmake)
[0.289s] -- Found rmw_fastrtps_cpp: 6.2.7 (/opt/ros/humble/share/rmw_fastrtps_cpp/cmake)
[0.395s] -- Using RMW implementation 'rmw_fastrtps_cpp' as default
[0.456s] -- Found sensor_msgs: 4.2.4 (/opt/ros/humble/share/sensor_msgs/cmake)
[0.492s] -- Found ament_lint_auto: 0.12.11 (/opt/ros/humble/share/ament_lint_auto/cmake)
[0.561s] -- Added test 'cppcheck' to perform static code analysis on C / C++ code
[0.561s] -- Configured cppcheck include dirs: /home/ammar/Robotics/Graduation_Project/ACSAR_ws/src/robot_control/include
[0.561s] -- Configured cppcheck exclude dirs and/or files: 
[0.561s] -- Added test 'flake8' to check Python code syntax and style conventions
[0.562s] -- Added test 'lint_cmake' to check CMake code style
[0.562s] -- Added test 'pep257' to check Python code against some of the docstring style conventions in PEP 257
[0.563s] -- Added test 'uncrustify' to check C / C++ code style
[0.563s] -- Configured uncrustify additional arguments: 
[0.564s] -- Added test 'xmllint' to check XML markup files
[0.565s] -- Configuring done
[0.575s] -- Generating done
[0.576s] -- Build files have been written to: /home/ammar/Robotics/Graduation_Project/ACSAR_ws/build/robot_control
[0.596s] [35m[1mConsolidate compiler generated dependencies of target speed_controller[0m
[0.611s] [ 50%] [32mBuilding CXX object CMakeFiles/speed_controller.dir/src/speed_controller.cpp.o[0m
[3.248s] [01m[K/home/ammar/Robotics/Graduation_Project/ACSAR_ws/src/robot_control/src/speed_controller.cpp:[m[K In member function â€˜[01m[Kvoid SpeedController::jointCallback(const JointState&)[m[Kâ€™:
[3.248s] [01m[K/home/ammar/Robotics/Graduation_Project/ACSAR_ws/src/robot_control/src/speed_controller.cpp:93:12:[m[K [01;35m[Kwarning: [m[Kunused variable â€˜[01m[Krobot_linear_velocity[m[Kâ€™ [[01;35m[K]8;;https://gcc.gnu.org/onlinedocs/gcc/Warning-Options.html#index-Wunused-variable-Wunused-variable]8;;[m[K]
[3.248s]    93 |     double [01;35m[Krobot_linear_velocity[m[K = (wheel_radius_ / 4.0) * (delta_FL_wheel + delta_FR_wheel + delta_BL_wheel + delta_BR_wheel);
[3.248s]       |            [01;35m[K^~~~~~~~~~~~~~~~~~~~~[m[K
[3.248s] [01m[K/home/ammar/Robotics/Graduation_Project/ACSAR_ws/src/robot_control/src/speed_controller.cpp:94:12:[m[K [01;35m[Kwarning: [m[Kunused variable â€˜[01m[Krobot_angular_velocity[m[Kâ€™ [[01;35m[K]8;;https://gcc.gnu.org/onlinedocs/gcc/Warning-Options.html#index-Wunused-variable-Wunused-variable]8;;[m[K]
[3.249s]    94 |     double [01;35m[Krobot_angular_velocity[m[K = (wheel_radius_ / 2.0 * wheel_width_) * (-delta_FL_wheel + delta_FR_wheel - delta_BL_wheel + delta_BR_wheel);
[3.249s]       |            [01;35m[K^~~~~~~~~~~~~~~~~~~~~~[m[K
[6.216s] In file included from [01m[K/usr/include/eigen3/Eigen/Core:273[m[K,
[6.217s]                  from [01m[K/home/ammar/Robotics/Graduation_Project/ACSAR_ws/src/robot_control/include/robot_control/speed_controller.hpp:8[m[K,
[6.217s]                  from [01m[K/home/ammar/Robotics/Graduation_Project/ACSAR_ws/src/robot_control/src/speed_controller.cpp:1[m[K:
[6.217s] [01m[K/usr/include/eigen3/Eigen/src/Core/MatrixBase.h:[m[K At global scope:
[6.217s] [01m[K/usr/include/eigen3/Eigen/src/Core/MatrixBase.h:332:35:[m[K [01;35m[Kwarning: [m[Kinline function â€˜[01m[Kconst Eigen::Inverse<Derived> Eigen::MatrixBase<Derived>::inverse() const [with Derived = Eigen::Product<Eigen::Matrix<double, -1, -1>, Eigen::Transpose<Eigen::Matrix<double, -1, -1> >, 0>][m[Kâ€™ used but never defined
[6.217s]   332 | verse<Derived> [01;35m[Kinverse[m[K() const;
[6.217s]       |                [01;35m[K^~~~~~~[m[K
[6.217s] 
[12.452s] [100%] [32m[1mLinking CXX executable speed_controller[0m
[12.915s] /usr/bin/ld: CMakeFiles/speed_controller.dir/src/speed_controller.cpp.o: in function `SpeedController::SpeedController(std::__cxx11::basic_string<char, std::char_traits<char>, std::allocator<char> > const&)':
[12.915s] speed_controller.cpp:(.text+0xb76): undefined reference to `Eigen::MatrixBase<Eigen::Product<Eigen::Matrix<double, -1, -1, 0, -1, -1>, Eigen::Transpose<Eigen::Matrix<double, -1, -1, 0, -1, -1> >, 0> >::inverse() const'
[12.971s] collect2: error: ld returned 1 exit status
[12.973s] gmake[2]: *** [CMakeFiles/speed_controller.dir/build.make:175: speed_controller] Error 1
[12.973s] gmake[1]: *** [CMakeFiles/Makefile2:137: CMakeFiles/speed_controller.dir/all] Error 2
[12.973s] gmake: *** [Makefile:146: all] Error 2
[12.975s] Invoked command in '/home/ammar/Robotics/Graduation_Project/ACSAR_ws/build/robot_control' returned '2': CMAKE_PREFIX_PATH=${CMAKE_PREFIX_PATH}:/opt/ros/humble /usr/bin/cmake --build /home/ammar/Robotics/Graduation_Project/ACSAR_ws/build/robot_control -- -j12 -l12
